<?xml version="1.0" encoding="UTF-8"?>
<testng-results ignored="0" total="6" passed="6" failed="0" skipped="0">
  <reporter-output>
  </reporter-output>
  <suite started-at="2023-05-07T10:44:09 SGT" name="Surefire suite" finished-at="2023-05-07T10:46:01 SGT" duration-ms="111648">
    <groups>
      <group name="cucumber">
        <method signature="AbstractTestNGCucumberTests.runScenario(io.cucumber.testng.PickleWrapper,io.cucumber.testng.FeatureWrapper)[pri:0, instance:cucumberOptions.TestLoginRunner@1bb266b3]" name="runScenario" class="io.cucumber.testng.AbstractTestNGCucumberTests"/>
      </group> <!-- cucumber -->
    </groups>
    <test started-at="2023-05-07T10:44:09 SGT" name="Surefire test" finished-at="2023-05-07T10:46:01 SGT" duration-ms="111648">
      <class name="cucumberOptions.TestLoginRunner">
        <test-method is-config="true" signature="setUpClass(org.testng.ITestContext)[pri:0, instance:cucumberOptions.TestLoginRunner@1bb266b3]" started-at="2023-05-07T10:44:09 SGT" name="setUpClass" finished-at="2023-05-07T10:44:11 SGT" duration-ms="1488" status="PASS">
          <params>
            <param index="0">
              <value>
                <![CDATA[org.testng.TestRunner@36f6d25c]]>
              </value>
            </param>
          </params>
          <reporter-output>
          </reporter-output>
        </test-method> <!-- setUpClass -->
        <test-method signature="runScenario(io.cucumber.testng.PickleWrapper,io.cucumber.testng.FeatureWrapper)[pri:0, instance:cucumberOptions.TestLoginRunner@1bb266b3]" started-at="2023-05-07T10:44:11 SGT" name="runScenario" description="Runs Cucumber Scenarios" data-provider="scenarios" finished-at="2023-05-07T10:44:31 SGT" duration-ms="20452" status="PASS">
          <params>
            <param index="0">
              <value>
                <![CDATA["Validate multiple login data"]]>
              </value>
            </param>
            <param index="1">
              <value>
                <![CDATA["Optional[Test Login Page Functions]"]]>
              </value>
            </param>
          </params>
          <reporter-output>
          </reporter-output>
        </test-method> <!-- runScenario -->
        <test-method signature="runScenario(io.cucumber.testng.PickleWrapper,io.cucumber.testng.FeatureWrapper)[pri:0, instance:cucumberOptions.TestLoginRunner@1bb266b3]" started-at="2023-05-07T10:44:31 SGT" name="runScenario" description="Runs Cucumber Scenarios" data-provider="scenarios" finished-at="2023-05-07T10:44:50 SGT" duration-ms="18828" status="PASS">
          <params>
            <param index="0">
              <value>
                <![CDATA["Validate multiple login data"]]>
              </value>
            </param>
            <param index="1">
              <value>
                <![CDATA["Optional[Test Login Page Functions]"]]>
              </value>
            </param>
          </params>
          <reporter-output>
          </reporter-output>
        </test-method> <!-- runScenario -->
        <test-method signature="runScenario(io.cucumber.testng.PickleWrapper,io.cucumber.testng.FeatureWrapper)[pri:0, instance:cucumberOptions.TestLoginRunner@1bb266b3]" started-at="2023-05-07T10:44:50 SGT" name="runScenario" description="Runs Cucumber Scenarios" data-provider="scenarios" finished-at="2023-05-07T10:45:06 SGT" duration-ms="16166" status="PASS">
          <params>
            <param index="0">
              <value>
                <![CDATA["Validate multiple login data"]]>
              </value>
            </param>
            <param index="1">
              <value>
                <![CDATA["Optional[Test Login Page Functions]"]]>
              </value>
            </param>
          </params>
          <reporter-output>
          </reporter-output>
        </test-method> <!-- runScenario -->
        <test-method signature="runScenario(io.cucumber.testng.PickleWrapper,io.cucumber.testng.FeatureWrapper)[pri:0, instance:cucumberOptions.TestLoginRunner@1bb266b3]" started-at="2023-05-07T10:45:06 SGT" name="runScenario" description="Runs Cucumber Scenarios" data-provider="scenarios" finished-at="2023-05-07T10:45:27 SGT" duration-ms="21126" status="PASS">
          <params>
            <param index="0">
              <value>
                <![CDATA["Validate multiple login data"]]>
              </value>
            </param>
            <param index="1">
              <value>
                <![CDATA["Optional[Test Login Page Functions]"]]>
              </value>
            </param>
          </params>
          <reporter-output>
          </reporter-output>
        </test-method> <!-- runScenario -->
        <test-method signature="runScenario(io.cucumber.testng.PickleWrapper,io.cucumber.testng.FeatureWrapper)[pri:0, instance:cucumberOptions.TestLoginRunner@1bb266b3]" started-at="2023-05-07T10:45:27 SGT" name="runScenario" description="Runs Cucumber Scenarios" data-provider="scenarios" finished-at="2023-05-07T10:45:48 SGT" duration-ms="20666" status="PASS">
          <params>
            <param index="0">
              <value>
                <![CDATA["Validate display of HRM logo"]]>
              </value>
            </param>
            <param index="1">
              <value>
                <![CDATA["Optional[Test Login Page Functions]"]]>
              </value>
            </param>
          </params>
          <reporter-output>
          </reporter-output>
        </test-method> <!-- runScenario -->
        <test-method signature="runScenario(io.cucumber.testng.PickleWrapper,io.cucumber.testng.FeatureWrapper)[pri:0, instance:cucumberOptions.TestLoginRunner@1bb266b3]" started-at="2023-05-07T10:45:48 SGT" name="runScenario" description="Runs Cucumber Scenarios" data-provider="scenarios" finished-at="2023-05-07T10:46:00 SGT" duration-ms="12015" status="PASS">
          <params>
            <param index="0">
              <value>
                <![CDATA["Validate Forgot your password function"]]>
              </value>
            </param>
            <param index="1">
              <value>
                <![CDATA["Optional[Test Login Page Functions]"]]>
              </value>
            </param>
          </params>
          <reporter-output>
          </reporter-output>
        </test-method> <!-- runScenario -->
        <test-method is-config="true" signature="tearDownClass()[pri:0, instance:cucumberOptions.TestLoginRunner@1bb266b3]" started-at="2023-05-07T10:46:00 SGT" name="tearDownClass" finished-at="2023-05-07T10:46:01 SGT" duration-ms="857" status="PASS">
          <reporter-output>
          </reporter-output>
        </test-method> <!-- tearDownClass -->
      </class> <!-- cucumberOptions.TestLoginRunner -->
    </test> <!-- Surefire test -->
  </suite> <!-- Surefire suite -->
</testng-results>
