<?xml version="1.0" encoding="UTF-8"?>
<testng-results ignored="0" total="6" passed="5" failed="1" skipped="0">
  <reporter-output>
  </reporter-output>
  <suite started-at="2023-05-06T15:11:04 MYT" name="Default suite" finished-at="2023-05-06T15:13:20 MYT" duration-ms="136009">
    <groups>
      <group name="cucumber">
        <method signature="AbstractTestNGCucumberTests.runScenario(io.cucumber.testng.PickleWrapper,io.cucumber.testng.FeatureWrapper)[pri:0, instance:cucumberOptions.LoginTestRunner@117159c0]" name="runScenario" class="io.cucumber.testng.AbstractTestNGCucumberTests"/>
      </group> <!-- cucumber -->
    </groups>
    <test started-at="2023-05-06T15:11:04 MYT" name="Default test" finished-at="2023-05-06T15:13:20 MYT" duration-ms="136009">
      <class name="cucumberOptions.LoginTestRunner">
        <test-method is-config="true" signature="setUpClass(org.testng.ITestContext)[pri:0, instance:cucumberOptions.LoginTestRunner@117159c0]" started-at="2023-05-06T15:11:04 MYT" name="setUpClass" finished-at="2023-05-06T15:11:05 MYT" duration-ms="1343" status="PASS">
          <params>
            <param index="0">
              <value>
                <![CDATA[org.testng.TestRunner@17354708]]>
              </value>
            </param>
          </params>
          <reporter-output>
          </reporter-output>
        </test-method> <!-- setUpClass -->
        <test-method signature="runScenario(io.cucumber.testng.PickleWrapper,io.cucumber.testng.FeatureWrapper)[pri:0, instance:cucumberOptions.LoginTestRunner@117159c0]" started-at="2023-05-06T15:11:05 MYT" name="runScenario" description="Runs Cucumber Scenarios" data-provider="scenarios" finished-at="2023-05-06T15:11:31 MYT" duration-ms="25809" status="PASS">
          <params>
            <param index="0">
              <value>
                <![CDATA["Validate multiple login data"]]>
              </value>
            </param>
            <param index="1">
              <value>
                <![CDATA["Optional[Test Login Page Functions]"]]>
              </value>
            </param>
          </params>
          <reporter-output>
          </reporter-output>
        </test-method> <!-- runScenario -->
        <test-method signature="runScenario(io.cucumber.testng.PickleWrapper,io.cucumber.testng.FeatureWrapper)[pri:0, instance:cucumberOptions.LoginTestRunner@117159c0]" started-at="2023-05-06T15:11:31 MYT" name="runScenario" description="Runs Cucumber Scenarios" data-provider="scenarios" finished-at="2023-05-06T15:11:54 MYT" duration-ms="22766" status="PASS">
          <params>
            <param index="0">
              <value>
                <![CDATA["Validate multiple login data"]]>
              </value>
            </param>
            <param index="1">
              <value>
                <![CDATA["Optional[Test Login Page Functions]"]]>
              </value>
            </param>
          </params>
          <reporter-output>
          </reporter-output>
        </test-method> <!-- runScenario -->
        <test-method signature="runScenario(io.cucumber.testng.PickleWrapper,io.cucumber.testng.FeatureWrapper)[pri:0, instance:cucumberOptions.LoginTestRunner@117159c0]" started-at="2023-05-06T15:11:54 MYT" name="runScenario" description="Runs Cucumber Scenarios" data-provider="scenarios" finished-at="2023-05-06T15:12:12 MYT" duration-ms="18173" status="PASS">
          <params>
            <param index="0">
              <value>
                <![CDATA["Validate multiple login data"]]>
              </value>
            </param>
            <param index="1">
              <value>
                <![CDATA["Optional[Test Login Page Functions]"]]>
              </value>
            </param>
          </params>
          <reporter-output>
          </reporter-output>
        </test-method> <!-- runScenario -->
        <test-method signature="runScenario(io.cucumber.testng.PickleWrapper,io.cucumber.testng.FeatureWrapper)[pri:0, instance:cucumberOptions.LoginTestRunner@117159c0]" started-at="2023-05-06T15:12:12 MYT" name="runScenario" description="Runs Cucumber Scenarios" data-provider="scenarios" finished-at="2023-05-06T15:12:36 MYT" duration-ms="24264" status="PASS">
          <params>
            <param index="0">
              <value>
                <![CDATA["Validate multiple login data"]]>
              </value>
            </param>
            <param index="1">
              <value>
                <![CDATA["Optional[Test Login Page Functions]"]]>
              </value>
            </param>
          </params>
          <reporter-output>
          </reporter-output>
        </test-method> <!-- runScenario -->
        <test-method signature="runScenario(io.cucumber.testng.PickleWrapper,io.cucumber.testng.FeatureWrapper)[pri:0, instance:cucumberOptions.LoginTestRunner@117159c0]" started-at="2023-05-06T15:12:36 MYT" name="runScenario" description="Runs Cucumber Scenarios" data-provider="scenarios" finished-at="2023-05-06T15:12:56 MYT" duration-ms="19526" status="PASS">
          <params>
            <param index="0">
              <value>
                <![CDATA["Validate display of HRM logo"]]>
              </value>
            </param>
            <param index="1">
              <value>
                <![CDATA["Optional[Test Login Page Functions]"]]>
              </value>
            </param>
          </params>
          <reporter-output>
          </reporter-output>
        </test-method> <!-- runScenario -->
        <test-method signature="runScenario(io.cucumber.testng.PickleWrapper,io.cucumber.testng.FeatureWrapper)[pri:0, instance:cucumberOptions.LoginTestRunner@117159c0]" started-at="2023-05-06T15:12:56 MYT" name="runScenario" description="Runs Cucumber Scenarios" data-provider="scenarios" finished-at="2023-05-06T15:13:19 MYT" duration-ms="23452" status="FAIL">
          <params>
            <param index="0">
              <value>
                <![CDATA["Validate Forgot your password function"]]>
              </value>
            </param>
            <param index="1">
              <value>
                <![CDATA["Optional[Test Login Page Functions]"]]>
              </value>
            </param>
          </params>
          <exception class="java.lang.IndexOutOfBoundsException">
            <message>
              <![CDATA[Index 0 out of bounds for length 0]]>
            </message>
            <full-stacktrace>
              <![CDATA[java.lang.IndexOutOfBoundsException: Index 0 out of bounds for length 0
at java.base/jdk.internal.util.Preconditions.outOfBounds(Preconditions.java:64)
at java.base/jdk.internal.util.Preconditions.outOfBoundsCheckIndex(Preconditions.java:70)
at java.base/jdk.internal.util.Preconditions.checkIndex(Preconditions.java:266)
at java.base/java.util.Objects.checkIndex(Objects.java:359)
at java.base/java.util.ArrayList.get(ArrayList.java:427)
at PageObject.LoginPageObject.getResetPasswordMsg(LoginPageObject.java:59)
at stepDefinations.LoginPageStepDefination.validate_confirmation_something_message(LoginPageStepDefination.java:66)
at ✽.Validate confirmation "A reset password link has been sent to you via email." message(file:///D:/SeleniumTutorial/Project/HRMProject/src/test/java/features/login.feature:22)
]]>
            </full-stacktrace>
          </exception> <!-- java.lang.IndexOutOfBoundsException -->
          <reporter-output>
          </reporter-output>
        </test-method> <!-- runScenario -->
        <test-method is-config="true" signature="tearDownClass()[pri:0, instance:cucumberOptions.LoginTestRunner@117159c0]" started-at="2023-05-06T15:13:19 MYT" name="tearDownClass" finished-at="2023-05-06T15:13:20 MYT" duration-ms="615" status="PASS">
          <reporter-output>
          </reporter-output>
        </test-method> <!-- tearDownClass -->
      </class> <!-- cucumberOptions.LoginTestRunner -->
    </test> <!-- Default test -->
  </suite> <!-- Default suite -->
</testng-results>
