<?xml version="1.0" encoding="UTF-8"?>
<!-- Generated by org.testng.reporters.JUnitReportReporter -->
<testsuite hostname="DESKTOP-C0G7NLP" failures="0" tests="6" name="cucumberOptions.LoginTestRunner" time="133.990" errors="1" timestamp="2023-05-06T15:13:20 MYT" skipped="0">
  <testcase classname="cucumberOptions.LoginTestRunner" name="runScenario" time="23.452">
    <error message="Index 0 out of bounds for length 0" type="java.lang.IndexOutOfBoundsException">
      <![CDATA[java.lang.IndexOutOfBoundsException: Index 0 out of bounds for length 0
at java.base/jdk.internal.util.Preconditions.outOfBounds(Preconditions.java:64)
at java.base/jdk.internal.util.Preconditions.outOfBoundsCheckIndex(Preconditions.java:70)
at java.base/jdk.internal.util.Preconditions.checkIndex(Preconditions.java:266)
at java.base/java.util.Objects.checkIndex(Objects.java:359)
at java.base/java.util.ArrayList.get(ArrayList.java:427)
at PageObject.LoginPageObject.getResetPasswordMsg(LoginPageObject.java:59)
at stepDefinations.LoginPageStepDefination.validate_confirmation_something_message(LoginPageStepDefination.java:66)
at ✽.Validate confirmation "A reset password link has been sent to you via email." message(file:///D:/SeleniumTutorial/Project/HRMProject/src/test/java/features/login.feature:22)
]]>
    </error>
  </testcase> <!-- runScenario -->
  <system-out/>
  <testcase classname="cucumberOptions.LoginTestRunner" name="runScenario" time="22.766"/>
  <system-out/>
  <testcase classname="cucumberOptions.LoginTestRunner" name="runScenario" time="24.264"/>
  <system-out/>
  <testcase classname="cucumberOptions.LoginTestRunner" name="runScenario" time="25.809"/>
  <system-out/>
  <testcase classname="cucumberOptions.LoginTestRunner" name="runScenario" time="19.526"/>
  <system-out/>
  <testcase classname="cucumberOptions.LoginTestRunner" name="runScenario" time="18.173"/>
  <system-out/>
</testsuite> <!-- cucumberOptions.LoginTestRunner -->
